生成启动时间为 16-8-3 下午3:14:24。
     1>项目“E:\pstscan\pstscan\pstscan.vcxproj”在节点 2 上(rebuild 个目标)。
     1>_PrepareForClean:
         正在删除文件“Debug\pstscan.lastbuildstate”。
       InitializeBuildStatus:
         正在创建“Debug\pstscan.unsuccessfulbuild”，因为已指定“AlwaysCreate”。
       ClCompile:
         C:\Program Files (x86)\Microsoft Visual Studio 10.0\VC\bin\CL.exe /c /ZI /nologo /W3 /WX- /Od /Oy- /D WIN32 /D _DEBUG /D _CONSOLE /D _UNICODE /D UNICODE /Gm /EHsc /RTC1 /MDd /GS /fp:precise /Zc:wchar_t /Zc:forScope /Fo"Debug\\" /Fd"Debug\vc100.pdb" /Gd /TP /analyze- /errorReport:prompt scan.cpp
         scan.cpp
       ManifestResourceCompile:
         C:\Program Files (x86)\Microsoft SDKs\Windows\v7.0A\bin\rc.exe /nologo /fo"Debug\pstscan.exe.embed.manifest.res" Debug\pstscan_manifest.rc 
       Link:
         C:\Program Files (x86)\Microsoft Visual Studio 10.0\VC\bin\link.exe /ERRORREPORT:PROMPT /OUT:"E:\pstscan\Debug\pstscan.exe" /INCREMENTAL /NOLOGO kernel32.lib user32.lib gdi32.lib winspool.lib comdlg32.lib advapi32.lib shell32.lib ole32.lib oleaut32.lib uuid.lib odbc32.lib odbccp32.lib /MANIFEST /ManifestFile:"Debug\pstscan.exe.intermediate.manifest" /MANIFESTUAC:"level='asInvoker' uiAccess='false'" /DEBUG /PDB:"E:\pstscan\Debug\pstscan.pdb" /SUBSYSTEM:CONSOLE /TLBID:1 /DYNAMICBASE /NXCOMPAT /IMPLIB:"E:\pstscan\Debug\pstscan.lib" /MACHINE:X86 Debug\pstscan.exe.embed.manifest.res
         Debug\scan.obj
       Manifest:
         正在删除文件“Debug\pstscan.exe.embed.manifest”。
         C:\Program Files (x86)\Microsoft SDKs\Windows\v7.0A\bin\mt.exe /nologo /verbose /out:"Debug\pstscan.exe.embed.manifest" /manifest Debug\pstscan.exe.intermediate.manifest
         C:\Program Files (x86)\Microsoft SDKs\Windows\v7.0A\bin\rc.exe /nologo /fo"Debug\pstscan.exe.embed.manifest.res" Debug\pstscan_manifest.rc 
       LinkEmbedManifest:
         C:\Program Files (x86)\Microsoft Visual Studio 10.0\VC\bin\link.exe /ERRORREPORT:PROMPT /OUT:"E:\pstscan\Debug\pstscan.exe" /INCREMENTAL /NOLOGO kernel32.lib user32.lib gdi32.lib winspool.lib comdlg32.lib advapi32.lib shell32.lib ole32.lib oleaut32.lib uuid.lib odbc32.lib odbccp32.lib /MANIFEST /ManifestFile:"Debug\pstscan.exe.intermediate.manifest" /MANIFESTUAC:"level='asInvoker' uiAccess='false'" /DEBUG /PDB:"E:\pstscan\Debug\pstscan.pdb" /SUBSYSTEM:CONSOLE /TLBID:1 /DYNAMICBASE /NXCOMPAT /IMPLIB:"E:\pstscan\Debug\pstscan.lib" /MACHINE:X86 Debug\pstscan.exe.embed.manifest.res
         Debug\scan.obj
         pstscan.vcxproj -> E:\pstscan\Debug\pstscan.exe
       FinalizeBuildStatus:
         正在删除文件“Debug\pstscan.unsuccessfulbuild”。
         正在对“Debug\pstscan.lastbuildstate”执行 Touch 任务。
     1>已完成生成项目“E:\pstscan\pstscan\pstscan.vcxproj”(rebuild 个目标)的操作。

生成成功。

已用时间 00:00:01.80
