E:\PSTSCAN\DEBUG\PSTSCAN.EXE
E:\PSTSCAN\DEBUG\PSTSCAN.ILK
E:\PSTSCAN\DEBUG\PSTSCAN.PDB
E:\pstscan\pstscan\Debug\cl.command.1.tlog
E:\pstscan\pstscan\Debug\CL.read.1.tlog
E:\pstscan\pstscan\Debug\CL.write.1.tlog
E:\pstscan\pstscan\Debug\link.1268.read.1.tlog
E:\pstscan\pstscan\Debug\link.1268.write.1.tlog
E:\pstscan\pstscan\Debug\link.1268-cvtres.read.1.tlog
E:\pstscan\pstscan\Debug\link.1268-cvtres.write.1.tlog
E:\pstscan\pstscan\Debug\link.command.1.tlog
E:\pstscan\pstscan\Debug\link.read.1.tlog
E:\pstscan\pstscan\Debug\link.write.1.tlog
E:\pstscan\pstscan\Debug\link-cvtres.read.1.tlog
E:\pstscan\pstscan\Debug\link-cvtres.write.1.tlog
E:\pstscan\pstscan\Debug\mt.command.1.tlog
E:\pstscan\pstscan\Debug\mt.read.1.tlog
E:\pstscan\pstscan\Debug\mt.write.1.tlog
E:\PSTSCAN\PSTSCAN\DEBUG\PSTSCAN.EXE.EMBED.MANIFEST
E:\PSTSCAN\PSTSCAN\DEBUG\PSTSCAN.EXE.EMBED.MANIFEST.RES
E:\PSTSCAN\PSTSCAN\DEBUG\PSTSCAN.EXE.INTERMEDIATE.MANIFEST
E:\pstscan\pstscan\Debug\pstscan_manifest.rc
E:\pstscan\pstscan\Debug\rc.command.1.tlog
E:\pstscan\pstscan\Debug\rc.read.1.tlog
E:\pstscan\pstscan\Debug\rc.write.1.tlog
E:\PSTSCAN\PSTSCAN\DEBUG\SCAN.OBJ
E:\pstscan\pstscan\Debug\vc100.idb
E:\PSTSCAN\PSTSCAN\DEBUG\VC100.PDB
